app/build/intermediates/manifest_merge_blame_file/debug/manifest-merger-blame-debug-report.txt
1<?xml version="1.0" encoding="utf-8"?>
2<manifest xmlns:android="http://schemas.android.com/apk/res/android"
3    package="com.example.fin_reg"
4    android:versionCode="1"
5    android:versionName="1.0" >
6
7    <uses-sdk
8        android:minSdkVersion="24"
8-->src/main/AndroidManifest.xml
9        android:targetSdkVersion="29" />
9-->src/main/AndroidManifest.xml
10
11    <uses-permission android:name="android.permission.INTERNET" />
11-->src/main/AndroidManifest.xml:5:5-67
11-->src/main/AndroidManifest.xml:5:22-64
12    <uses-permission android:name="android.permission.ACCESS_NETWORK_STATE" />
12-->[com.google.firebase:firebase-auth:20.0.0] AndroidManifest.xml:24:5-79
12-->[com.google.firebase:firebase-auth:20.0.0] AndroidManifest.xml:24:22-76
13
14    <application
14-->src/main/AndroidManifest.xml:7:5-26:19
15        android:allowBackup="true"
15-->src/main/AndroidManifest.xml:8:9-35
16        android:appComponentFactory="androidx.core.app.CoreComponentFactory"
16-->[androidx.core:core:1.3.0] AndroidManifest.xml:24:18-86
17        android:debuggable="true"
18        android:icon="@mipmap/ic_launcher"
18-->src/main/AndroidManifest.xml:9:9-43
19        android:label="Solarium"
19-->src/main/AndroidManifest.xml:10:9-33
20        android:roundIcon="@mipmap/ic_launcher_round"
20-->src/main/AndroidManifest.xml:11:9-54
21        android:supportsRtl="true"
21-->src/main/AndroidManifest.xml:12:9-35
22        android:testOnly="true"
23        android:theme="@style/AppTheme"
23-->src/main/AndroidManifest.xml:13:9-40
24        android:usesCleartextTraffic="true" >
24-->src/main/AndroidManifest.xml:14:9-44
25        <activity android:name="com.example.fin_reg.TeacherMainActivity" >
25-->src/main/AndroidManifest.xml:16:9-22:20
25-->src/main/AndroidManifest.xml:16:19-54
26            <intent-filter>
26-->src/main/AndroidManifest.xml:17:13-21:29
27                <action android:name="android.intent.action.MAIN" />
27-->src/main/AndroidManifest.xml:18:17-69
27-->src/main/AndroidManifest.xml:18:25-66
28
29                <category android:name="android.intent.category.LAUNCHER" />
29-->src/main/AndroidManifest.xml:20:17-77
29-->src/main/AndroidManifest.xml:20:27-74
30            </intent-filter>
31        </activity>
32        <activity android:name="com.example.fin_reg.StudentMainActivity" />
32-->src/main/AndroidManifest.xml:24:9-56
32-->src/main/AndroidManifest.xml:24:19-54
33        <activity android:name="com.example.fin_reg.Login" />
33-->src/main/AndroidManifest.xml:25:9-42
33-->src/main/AndroidManifest.xml:25:19-40
34        <activity
34-->[com.google.firebase:firebase-auth:20.0.0] AndroidManifest.xml:27:9-34:50
35            android:name="com.google.firebase.auth.internal.FederatedSignInActivity"
35-->[com.google.firebase:firebase-auth:20.0.0] AndroidManifest.xml:28:13-85
36            android:excludeFromRecents="true"
36-->[com.google.firebase:firebase-auth:20.0.0] AndroidManifest.xml:29:13-46
37            android:exported="true"
37-->[com.google.firebase:firebase-auth:20.0.0] AndroidManifest.xml:30:13-36
38            android:launchMode="singleTask"
38-->[com.google.firebase:firebase-auth:20.0.0] AndroidManifest.xml:31:13-44
39            android:permission="com.google.firebase.auth.api.gms.permission.LAUNCH_FEDERATED_SIGN_IN"
39-->[com.google.firebase:firebase-auth:20.0.0] AndroidManifest.xml:32:13-102
40            android:theme="@android:style/Theme.Translucent.NoTitleBar" />
40-->[com.google.firebase:firebase-auth:20.0.0] AndroidManifest.xml:33:13-72
41        <activity
41-->[com.google.firebase:firebase-auth:20.0.0] AndroidManifest.xml:35:9-52:20
42            android:name="com.google.firebase.auth.internal.GenericIdpActivity"
42-->[com.google.firebase:firebase-auth:20.0.0] AndroidManifest.xml:36:13-80
43            android:excludeFromRecents="true"
43-->[com.google.firebase:firebase-auth:20.0.0] AndroidManifest.xml:37:13-46
44            android:exported="true"
44-->[com.google.firebase:firebase-auth:20.0.0] AndroidManifest.xml:38:13-36
45            android:launchMode="singleTask"
45-->[com.google.firebase:firebase-auth:20.0.0] AndroidManifest.xml:39:13-44
46            android:theme="@android:style/Theme.Translucent.NoTitleBar" >
46-->[com.google.firebase:firebase-auth:20.0.0] AndroidManifest.xml:40:13-72
47            <intent-filter>
47-->[com.google.firebase:firebase-auth:20.0.0] AndroidManifest.xml:41:13-51:29
48                <action android:name="android.intent.action.VIEW" />
48-->[com.google.firebase:firebase-auth:20.0.0] AndroidManifest.xml:42:17-69
48-->[com.google.firebase:firebase-auth:20.0.0] AndroidManifest.xml:42:25-66
49
50                <category android:name="android.intent.category.DEFAULT" />
50-->[com.google.firebase:firebase-auth:20.0.0] AndroidManifest.xml:44:17-76
50-->[com.google.firebase:firebase-auth:20.0.0] AndroidManifest.xml:44:27-73
51                <category android:name="android.intent.category.BROWSABLE" />
51-->[com.google.firebase:firebase-auth:20.0.0] AndroidManifest.xml:45:17-78
51-->[com.google.firebase:firebase-auth:20.0.0] AndroidManifest.xml:45:27-75
52
53                <data
53-->[com.google.firebase:firebase-auth:20.0.0] AndroidManifest.xml:47:17-50:51
54                    android:host="firebase.auth"
54-->[com.google.firebase:firebase-auth:20.0.0] AndroidManifest.xml:48:21-49
55                    android:path="/"
55-->[com.google.firebase:firebase-auth:20.0.0] AndroidManifest.xml:49:21-37
56                    android:scheme="genericidp" />
56-->[com.google.firebase:firebase-auth:20.0.0] AndroidManifest.xml:50:21-48
57            </intent-filter>
58        </activity>
59        <activity
59-->[com.google.firebase:firebase-auth:20.0.0] AndroidManifest.xml:53:9-70:20
60            android:name="com.google.firebase.auth.internal.RecaptchaActivity"
60-->[com.google.firebase:firebase-auth:20.0.0] AndroidManifest.xml:54:13-79
61            android:excludeFromRecents="true"
61-->[com.google.firebase:firebase-auth:20.0.0] AndroidManifest.xml:55:13-46
62            android:exported="true"
62-->[com.google.firebase:firebase-auth:20.0.0] AndroidManifest.xml:56:13-36
63            android:launchMode="singleTask"
63-->[com.google.firebase:firebase-auth:20.0.0] AndroidManifest.xml:57:13-44
64            android:theme="@android:style/Theme.Translucent.NoTitleBar" >
64-->[com.google.firebase:firebase-auth:20.0.0] AndroidManifest.xml:58:13-72
65            <intent-filter>
65-->[com.google.firebase:firebase-auth:20.0.0] AndroidManifest.xml:59:13-69:29
66                <action android:name="android.intent.action.VIEW" />
66-->[com.google.firebase:firebase-auth:20.0.0] AndroidManifest.xml:42:17-69
66-->[com.google.firebase:firebase-auth:20.0.0] AndroidManifest.xml:42:25-66
67
68                <category android:name="android.intent.category.DEFAULT" />
68-->[com.google.firebase:firebase-auth:20.0.0] AndroidManifest.xml:44:17-76
68-->[com.google.firebase:firebase-auth:20.0.0] AndroidManifest.xml:44:27-73
69                <category android:name="android.intent.category.BROWSABLE" />
69-->[com.google.firebase:firebase-auth:20.0.0] AndroidManifest.xml:45:17-78
69-->[com.google.firebase:firebase-auth:20.0.0] AndroidManifest.xml:45:27-75
70
71                <data
71-->[com.google.firebase:firebase-auth:20.0.0] AndroidManifest.xml:47:17-50:51
72                    android:host="firebase.auth"
72-->[com.google.firebase:firebase-auth:20.0.0] AndroidManifest.xml:48:21-49
73                    android:path="/"
73-->[com.google.firebase:firebase-auth:20.0.0] AndroidManifest.xml:49:21-37
74                    android:scheme="recaptcha" />
74-->[com.google.firebase:firebase-auth:20.0.0] AndroidManifest.xml:50:21-48
75            </intent-filter>
76        </activity>
77
78        <service
78-->[com.google.firebase:firebase-auth:20.0.0] AndroidManifest.xml:72:9-81:19
79            android:name="com.google.firebase.auth.api.fallback.service.FirebaseAuthFallbackService"
79-->[com.google.firebase:firebase-auth:20.0.0] AndroidManifest.xml:73:13-101
80            android:enabled="true"
80-->[com.google.firebase:firebase-auth:20.0.0] AndroidManifest.xml:74:13-35
81            android:exported="false" >
81-->[com.google.firebase:firebase-auth:20.0.0] AndroidManifest.xml:75:13-37
82            <intent-filter>
82-->[com.google.firebase:firebase-auth:20.0.0] AndroidManifest.xml:76:13-80:29
83                <action android:name="com.google.firebase.auth.api.gms.service.START" />
83-->[com.google.firebase:firebase-auth:20.0.0] AndroidManifest.xml:77:17-89
83-->[com.google.firebase:firebase-auth:20.0.0] AndroidManifest.xml:77:25-86
84
85                <category android:name="android.intent.category.DEFAULT" />
85-->[com.google.firebase:firebase-auth:20.0.0] AndroidManifest.xml:44:17-76
85-->[com.google.firebase:firebase-auth:20.0.0] AndroidManifest.xml:44:27-73
86            </intent-filter>
87        </service>
88        <service
88-->[com.google.firebase:firebase-auth:20.0.0] AndroidManifest.xml:82:9-88:19
89            android:name="com.google.firebase.components.ComponentDiscoveryService"
89-->[com.google.firebase:firebase-auth:20.0.0] AndroidManifest.xml:83:13-84
90            android:directBootAware="true"
90-->[com.google.firebase:firebase-common:19.3.1] AndroidManifest.xml:35:13-43
91            android:exported="false" >
91-->[com.google.firebase:firebase-auth:20.0.0] AndroidManifest.xml:84:13-37
92            <meta-data
92-->[com.google.firebase:firebase-auth:20.0.0] AndroidManifest.xml:85:13-87:85
93                android:name="com.google.firebase.components:com.google.firebase.auth.FirebaseAuthRegistrar"
93-->[com.google.firebase:firebase-auth:20.0.0] AndroidManifest.xml:86:17-109
94                android:value="com.google.firebase.components.ComponentRegistrar" />
94-->[com.google.firebase:firebase-auth:20.0.0] AndroidManifest.xml:87:17-82
95            <meta-data
95-->[com.google.firebase:firebase-firestore:22.0.0] AndroidManifest.xml:20:13-22:85
96                android:name="com.google.firebase.components:com.google.firebase.firestore.FirestoreRegistrar"
96-->[com.google.firebase:firebase-firestore:22.0.0] AndroidManifest.xml:21:17-111
97                android:value="com.google.firebase.components.ComponentRegistrar" />
97-->[com.google.firebase:firebase-firestore:22.0.0] AndroidManifest.xml:22:17-82
98        </service>
99
100        <provider
100-->[com.google.firebase:firebase-common:19.3.1] AndroidManifest.xml:26:9-31:39
101            android:name="com.google.firebase.provider.FirebaseInitProvider"
101-->[com.google.firebase:firebase-common:19.3.1] AndroidManifest.xml:27:13-77
102            android:authorities="com.example.fin_reg.firebaseinitprovider"
102-->[com.google.firebase:firebase-common:19.3.1] AndroidManifest.xml:28:13-72
103            android:directBootAware="true"
103-->[com.google.firebase:firebase-common:19.3.1] AndroidManifest.xml:29:13-43
104            android:exported="false"
104-->[com.google.firebase:firebase-common:19.3.1] AndroidManifest.xml:30:13-37
105            android:initOrder="100" />
105-->[com.google.firebase:firebase-common:19.3.1] AndroidManifest.xml:31:13-36
106
107        <activity
107-->[com.google.android.gms:play-services-base:17.1.0] AndroidManifest.xml:23:9-26:75
108            android:name="com.google.android.gms.common.api.GoogleApiActivity"
108-->[com.google.android.gms:play-services-base:17.1.0] AndroidManifest.xml:24:13-79
109            android:exported="false"
109-->[com.google.android.gms:play-services-base:17.1.0] AndroidManifest.xml:25:13-37
110            android:theme="@android:style/Theme.Translucent.NoTitleBar" />
110-->[com.google.android.gms:play-services-base:17.1.0] AndroidManifest.xml:26:13-72
111
112        <meta-data
112-->[com.google.android.gms:play-services-basement:17.1.0] AndroidManifest.xml:23:9-25:69
113            android:name="com.google.android.gms.version"
113-->[com.google.android.gms:play-services-basement:17.1.0] AndroidManifest.xml:24:13-58
114            android:value="@integer/google_play_services_version" />
114-->[com.google.android.gms:play-services-basement:17.1.0] AndroidManifest.xml:25:13-66
115
116        <provider
116-->[androidx.lifecycle:lifecycle-process:2.2.0] AndroidManifest.xml:25:9-29:43
117            android:name="androidx.lifecycle.ProcessLifecycleOwnerInitializer"
117-->[androidx.lifecycle:lifecycle-process:2.2.0] AndroidManifest.xml:26:13-79
118            android:authorities="com.example.fin_reg.lifecycle-process"
118-->[androidx.lifecycle:lifecycle-process:2.2.0] AndroidManifest.xml:27:13-69
119            android:exported="false"
119-->[androidx.lifecycle:lifecycle-process:2.2.0] AndroidManifest.xml:28:13-37
120            android:multiprocess="true" />
120-->[androidx.lifecycle:lifecycle-process:2.2.0] AndroidManifest.xml:29:13-40
121    </application>
122
123</manifest>